# run test with python3 -m doctest -v ./7-base_geometry.txt

==================================
Test for module 7-base_geometry.py
==================================

The module has only one class with two methods, that we will import.
::
    >>> BaseGeometry = __import__('7-base_geometry').BaseGeometry

SUCCESS CASES
==============
::
    >>> bg = BaseGeometry()
    >>> bg.integer_validator("my_int", 1)
    >>> bg.integer_validator("width", 89)
    >>> bg.integer_validator("size", 999)

Failed cases

    >>> bg.integer_validator("size", -45)
    Traceback (most recent call last):
    ...
    ValueError: size must be greater than 0
    >>> bg.integer_validator("size", 0)
    Traceback (most recent call last):
    ...
    ValueError: size must be greater than 0
    >>> bg.integer_validator("name", "john")
    Traceback (most recent call last):
    ...
    TypeError: name must be an integer
    >>> bg.integer_validator("size", 4.5)
    Traceback (most recent call last):
    ...
    TypeError: size must be an integer

No Argument
    >>> bg.integer_validator()
    Traceback (most recent call last):
    ...
    TypeError: integer_validator() missing 2 required positional arguments: 'name' and 'value'
    
Singular Argument
    >>> bg.integer_validator("distance")
    Traceback (most recent call last):
    ...
    TypeError: integer_validator() missing 1 required positional argument: 'value'
    
Other Data Types

    >>> bg.integer_validator("distance", (4,))
    Traceback (most recent call last):
    ...
    TypeError: distance must be an integer
    >>> bg.integer_validator("distance", [4])
    Traceback (most recent call last):
    ...
    TypeError: distance must be an integer
    
    >>> bg.integer_validator("age", True)
    >>> bg.integer_validator("age", {3, 4})
    Traceback (most recent call last):
    ...
    TypeError: age must be an integer
    >>> bg.integer_validator("age", None)
    Traceback (most recent call last):
    ...
    TypeError: age must be an integer
    >>> bg.area()
    Traceback (most recent call last):
    ...
    Exception: area() is not implemented
