# run test with python3 -m doctest -v ./tests/3-say_my_name.txt

==================================
Test for module 3-say_my_name.py
==================================

The module has only one method, that we will import.
The module prints My name is <first name> <last name> as a string

::
    >>> say_my_name = __import__('3-say_my_name').say_my_name

SUCCESS CASES
==============
::
    >>> say_my_name("Mercy", "John")
    My name is Mercy John

    >>> say_my_name("Mercy")
    My name is Mercy 

FAILED CASES
=============

Test with no args:
::
    >>> say_my_name()
    Traceback (most recent call last):
    ...
    TypeError: say_my_name() missing 1 required positional argument: 'first_name'
    
Test with other types
::
    >>> say_my_name(None, "Dayo")
    Traceback (most recent call last):
    ...
    TypeError: first_name must be a string

    >>> say_my_name(None, None)
    Traceback (most recent call last):
    ...
    TypeError: first_name must be a string

    >>> say_my_name(True)
    Traceback (most recent call last):
    ...
    TypeError: first_name must be a string

    >>> say_my_name(True, False)
    Traceback (most recent call last):
    ...
    TypeError: first_name must be a string
